<?xml version="1.0" encoding="UTF-8"?>
<testsuite xmlns:xsi="http://www.w3.org/2001/XMLSchema-instance" xsi:noNamespaceSchemaLocation="https://maven.apache.org/surefire/maven-surefire-plugin/xsd/surefire-test-report.xsd" name="org.example.AccountTest" time="0.359" tests="4" errors="0" skipped="0" failures="0">
  <properties>
[...]
</properties>
  <testcase name="checkIfNameIsInValidWhenMoreThan19LengthTest" classname="org.example.AccountTest" time="0.227"/>
  <testcase name="checkIfNameIsValidTest" classname="org.example.AccountTest" time="0.001"/>
  <testcase name="checkIfNameIsInValidWhenLessThen3LengthTest" classname="org.example.AccountTest" time="0.001"/>
  <testcase name="checkIfNameIsInValidWithoutSpaceTest" classname="org.example.AccountTest" time="0.001"/>
</testsuite>